<?xml version="1.0" encoding="UTF-8"?>
<!-- Generated by org.testng.reporters.JUnitXMLReporter -->
<testsuite hostname="WKWIN5337880" ignored="0" name="Regression1" tests="7" failures="0" timestamp="13 Nov 2018 16:48:35 GMT" time="16.885" errors="0">
  <testcase name="test3_verifyValidLogin" time="1.179" classname="testNG.OnlinBankingTest_DataProvider"/>
  <testcase name="test3_verifyValidLogin" time="0.961" classname="testNG.OnlinBankingTest_DataProvider"/>
  <testcase name="test3_verifyValidLogin" time="1.02" classname="testNG.OnlinBankingTest_DataProvider"/>
  <testcase name="test3_verifyValidLogin" time="2.297" classname="testNG.OnlinBankingTest_DataProvider"/>
  <testcase name="test3_verifyValidLogin" time="2.166" classname="testNG.OnlinBankingTest_DataProvider"/>
  <testcase name="test3_verifyValidLogin" time="2.146" classname="testNG.OnlinBankingTest_DataProvider"/>
  <testcase name="test3_verifyValidLogin" time="1.335" classname="testNG.OnlinBankingTest_DataProvider"/>
</testsuite> <!-- Regression1 -->
