<?xml version="1.0" encoding="UTF-8"?>
<testsuite name="Login"
           tests="7"
           failures="0"
           errors="0"
           skipped="0"
           time="9.731">
  <properties />
  
  
            <testcase name="test3_verifyValidLogin" time="2.125" classname="testNG.OnlinBankingTest_DataProvider" />
                <testcase name="test3_verifyValidLogin" time="0.805" classname="testNG.OnlinBankingTest_DataProvider" />
                <testcase name="test3_verifyValidLogin" time="2.153" classname="testNG.OnlinBankingTest_DataProvider" />
                <testcase name="test3_verifyValidLogin" time="0.792" classname="testNG.OnlinBankingTest_DataProvider" />
                <testcase name="test3_verifyValidLogin" time="2.131" classname="testNG.OnlinBankingTest_DataProvider" />
                <testcase name="test3_verifyValidLogin" time="0.942" classname="testNG.OnlinBankingTest_DataProvider" />
                <testcase name="test3_verifyValidLogin" time="0.783" classname="testNG.OnlinBankingTest_DataProvider" />
      
</testsuite>
