<?xml version="1.0" encoding="UTF-8"?>
<!-- Generated by org.testng.reporters.JUnitXMLReporter -->
<testsuite hostname="WKWIN5337880" ignored="1" name="Regression" tests="2" failures="0" timestamp="06 Nov 2018 16:47:57 GMT" time="0.045" errors="0">
  <testcase name="test1" time="0.01" classname="AutomationTesting.OnlineBankingTest.TestNGExample1"/>
  <testcase name="test2" time="0.001" classname="AutomationTesting.OnlineBankingTest.TestNGExample1"/>
  <testcase name="test3" time="0.0" classname="AutomationTesting.OnlineBankingTest.TestNGExample1">
    <ignored/>
  </testcase> <!-- test3 -->
</testsuite> <!-- Regression -->
