<?xml version="1.0" encoding="UTF-8"?>
<!-- Generated by org.testng.reporters.JUnitXMLReporter -->
<testsuite hostname="WKWIN5337880" ignored="0" name="Smoke" tests="3" failures="0" timestamp="06 Nov 2018 16:34:07 GMT" time="0.013" errors="0">
  <testcase name="test1" time="0.001" classname="AutomationTesting.OnlineBankingTest.TestNGExample1"/>
  <testcase name="test2" time="0.001" classname="AutomationTesting.OnlineBankingTest.TestNGExample1"/>
  <testcase name="test3" time="0.001" classname="AutomationTesting.OnlineBankingTest.TestNGExample1"/>
</testsuite> <!-- Smoke -->
