<?xml version="1.0" encoding="UTF-8"?>
<!-- Generated by org.testng.reporters.JUnitXMLReporter -->
<testsuite hostname="WKWIN5337880" ignored="0" name="TestWithFireFox" tests="4" failures="0" timestamp="06 Nov 2018 17:31:39 GMT" time="15.563" errors="0">
  <testcase name="test1_verifyLoginPageLinks" time="0.31" classname="AutomationTesting.OnlineBankingTest.OnlinBankingTest_TestNG"/>
  <testcase name="test2_verifyInvalidLogin" time="0.556" classname="AutomationTesting.OnlineBankingTest.OnlinBankingTest_TestNG"/>
  <testcase name="test3_verifyValidLogin" time="0.812" classname="AutomationTesting.OnlineBankingTest.OnlinBankingTest_TestNG"/>
  <testcase name="test4_verifyAccountHistory" time="2.082" classname="AutomationTesting.OnlineBankingTest.OnlinBankingTest_TestNG"/>
</testsuite> <!-- TestWithFireFox -->
