<?xml version="1.0" encoding="UTF-8"?>
<!-- Generated by org.testng.reporters.JUnitXMLReporter -->
<testsuite hostname="WKWIN5337880" ignored="0" name="testWithChrome" tests="18" failures="0" timestamp="28 Jun 2019 15:47:38 GMT" time="0.124" errors="0">
  <testcase name="@BeforeTest setUp" time="0.0" classname="testNG.SeleniumGrid">
    <failure type="java.lang.NullPointerException">
      <![CDATA[java.lang.NullPointerException
at testNG.SeleniumGrid.setUp(SeleniumGrid.java:22)
... Removed 24 stack frames]]>
    </failure>
  </testcase> <!-- @BeforeTest setUp -->
  <testcase name="@BeforeTest beforeTest" time="0.0" classname="testNG.TestNGExample1">
    <skipped/>
  </testcase> <!-- @BeforeTest beforeTest -->
  <testcase name="@BeforeClass driverSetup" time="0.0" classname="testNG.OnlinBankingTest_DataProvider">
    <skipped/>
  </testcase> <!-- @BeforeClass driverSetup -->
  <testcase name="@BeforeClass driverSetup" time="0.0" classname="testNG.OnlinBankingTest_TestNG">
    <skipped/>
  </testcase> <!-- @BeforeClass driverSetup -->
  <testcase name="@BeforeClass beforeClass" time="0.0" classname="testNG.TestNGExample1">
    <skipped/>
  </testcase> <!-- @BeforeClass beforeClass -->
  <testcase name="@BeforeMethod beforeMethod" time="0.0" classname="testNG.TestNGExample1">
    <skipped/>
  </testcase> <!-- @BeforeMethod beforeMethod -->
  <testcase name="@AfterMethod afterMethod" time="0.0" classname="testNG.TestNGExample1">
    <skipped/>
  </testcase> <!-- @AfterMethod afterMethod -->
  <testcase name="@BeforeMethod beforeMethod" time="0.0" classname="testNG.TestNGExample1">
    <skipped/>
  </testcase> <!-- @BeforeMethod beforeMethod -->
  <testcase name="@AfterMethod afterMethod" time="0.0" classname="testNG.TestNGExample1">
    <skipped/>
  </testcase> <!-- @AfterMethod afterMethod -->
  <testcase name="@BeforeMethod beforeMethod" time="0.0" classname="testNG.TestNGExample1">
    <skipped/>
  </testcase> <!-- @BeforeMethod beforeMethod -->
  <testcase name="@AfterMethod afterMethod" time="0.0" classname="testNG.TestNGExample1">
    <skipped/>
  </testcase> <!-- @AfterMethod afterMethod -->
  <testcase name="@AfterClass afterClass" time="0.0" classname="testNG.TestNGExample1">
    <skipped/>
  </testcase> <!-- @AfterClass afterClass -->
  <testcase name="@BeforeClass beforeClass" time="0.0" classname="testNG.TestNGExample2">
    <skipped/>
  </testcase> <!-- @BeforeClass beforeClass -->
  <testcase name="@BeforeMethod beforeMethod" time="0.0" classname="testNG.TestNGExample2">
    <skipped/>
  </testcase> <!-- @BeforeMethod beforeMethod -->
  <testcase name="@AfterMethod afterMethod" time="0.0" classname="testNG.TestNGExample2">
    <skipped/>
  </testcase> <!-- @AfterMethod afterMethod -->
  <testcase name="@BeforeMethod beforeMethod" time="0.0" classname="testNG.TestNGExample2">
    <skipped/>
  </testcase> <!-- @BeforeMethod beforeMethod -->
  <testcase name="@AfterMethod afterMethod" time="0.0" classname="testNG.TestNGExample2">
    <skipped/>
  </testcase> <!-- @AfterMethod afterMethod -->
  <testcase name="@BeforeMethod beforeMethod" time="0.0" classname="testNG.TestNGExample2">
    <skipped/>
  </testcase> <!-- @BeforeMethod beforeMethod -->
  <testcase name="@AfterMethod afterMethod" time="0.0" classname="testNG.TestNGExample2">
    <skipped/>
  </testcase> <!-- @AfterMethod afterMethod -->
  <testcase name="@AfterClass afterClass" time="0.0" classname="testNG.TestNGExample2">
    <skipped/>
  </testcase> <!-- @AfterClass afterClass -->
  <testcase name="@AfterTest closeDriver" time="0.0" classname="testNG.OnlinBankingTest_DataProvider">
    <skipped/>
  </testcase> <!-- @AfterTest closeDriver -->
  <testcase name="@AfterTest closeDriver" time="0.0" classname="testNG.OnlinBankingTest_TestNG">
    <skipped/>
  </testcase> <!-- @AfterTest closeDriver -->
  <testcase name="@AfterTest afterTest" time="0.0" classname="testNG.SeleniumGrid">
    <skipped/>
  </testcase> <!-- @AfterTest afterTest -->
  <testcase name="@AfterTest afterTest" time="0.0" classname="testNG.TestNGExample1">
    <skipped/>
  </testcase> <!-- @AfterTest afterTest -->
  <testcase name="test3_verifyValidLogin" time="0.0" classname="testNG.OnlinBankingTest_DataProvider">
    <skipped/>
  </testcase> <!-- test3_verifyValidLogin -->
  <testcase name="test3_verifyValidLogin" time="0.0" classname="testNG.OnlinBankingTest_DataProvider">
    <skipped/>
  </testcase> <!-- test3_verifyValidLogin -->
  <testcase name="test3_verifyValidLogin" time="0.0" classname="testNG.OnlinBankingTest_DataProvider">
    <skipped/>
  </testcase> <!-- test3_verifyValidLogin -->
  <testcase name="test3_verifyValidLogin" time="0.0" classname="testNG.OnlinBankingTest_DataProvider">
    <skipped/>
  </testcase> <!-- test3_verifyValidLogin -->
  <testcase name="test3_verifyValidLogin" time="0.0" classname="testNG.OnlinBankingTest_DataProvider">
    <skipped/>
  </testcase> <!-- test3_verifyValidLogin -->
  <testcase name="test3_verifyValidLogin" time="0.0" classname="testNG.OnlinBankingTest_DataProvider">
    <skipped/>
  </testcase> <!-- test3_verifyValidLogin -->
  <testcase name="test3_verifyValidLogin" time="0.0" classname="testNG.OnlinBankingTest_DataProvider">
    <skipped/>
  </testcase> <!-- test3_verifyValidLogin -->
  <testcase name="test1_verifyLoginPageLinks" time="0.0" classname="testNG.OnlinBankingTest_TestNG">
    <skipped/>
  </testcase> <!-- test1_verifyLoginPageLinks -->
  <testcase name="test3_verifyValidLogin" time="0.0" classname="testNG.OnlinBankingTest_TestNG">
    <skipped/>
  </testcase> <!-- test3_verifyValidLogin -->
  <testcase name="test2_verifyInvalidLogin" time="0.0" classname="testNG.OnlinBankingTest_TestNG">
    <skipped/>
  </testcase> <!-- test2_verifyInvalidLogin -->
  <testcase name="test4_verifyAccountHistory" time="0.0" classname="testNG.OnlinBankingTest_TestNG">
    <skipped/>
  </testcase> <!-- test4_verifyAccountHistory -->
  <testcase name="sampleTest" time="0.0" classname="testNG.SeleniumGrid">
    <skipped/>
  </testcase> <!-- sampleTest -->
  <testcase name="test1" time="0.0" classname="testNG.TestNGExample1">
    <skipped/>
  </testcase> <!-- test1 -->
  <testcase name="test2" time="0.0" classname="testNG.TestNGExample1">
    <skipped/>
  </testcase> <!-- test2 -->
  <testcase name="test3" time="0.0" classname="testNG.TestNGExample1">
    <skipped/>
  </testcase> <!-- test3 -->
  <testcase name="test1" time="0.0" classname="testNG.TestNGExample2">
    <skipped/>
  </testcase> <!-- test1 -->
  <testcase name="test2" time="0.0" classname="testNG.TestNGExample2">
    <skipped/>
  </testcase> <!-- test2 -->
  <testcase name="test3" time="0.0" classname="testNG.TestNGExample2">
    <skipped/>
  </testcase> <!-- test3 -->
</testsuite> <!-- testWithChrome -->
