<?xml version="1.0" encoding="UTF-8"?>
<!-- Generated by org.testng.reporters.JUnitXMLReporter -->
<testsuite hostname="WKWIN5337880" ignored="0" name="TestWithIE" tests="4" failures="0" timestamp="06 Nov 2018 17:31:49 GMT" time="9.783" errors="0">
  <testcase name="test1_verifyLoginPageLinks" time="0.574" classname="AutomationTesting.OnlineBankingTest.OnlinBankingTest_TestNG"/>
  <testcase name="test2_verifyInvalidLogin" time="2.189" classname="AutomationTesting.OnlineBankingTest.OnlinBankingTest_TestNG"/>
  <testcase name="test3_verifyValidLogin" time="2.16" classname="AutomationTesting.OnlineBankingTest.OnlinBankingTest_TestNG"/>
  <testcase name="test4_verifyAccountHistory" time="2.545" classname="AutomationTesting.OnlineBankingTest.OnlinBankingTest_TestNG"/>
</testsuite> <!-- TestWithIE -->
